// 重构日志: e0797f68
// 重构日志: 3bffd4d8
// 重构日志: a5d2f291
// 重构日志: 719dc1b4
// 重构日志: 1eb29a2b
// 同步 ID: cf96ecce @ Wed Jun 24 18:07:36 UTC 2026
// 重构日志: 653ea903
// 重构日志: 7b96f51e
// 重构日志: 1c15b537
// 重构日志: 43ae775f
// 同步 ID: 47f2a062 @ Mon Jun 29 13:19:56 UTC 2026
// 重构日志: 8c06eeb1
// 重构日志: 5e23b53a
// 同步 ID: a444c2a7 @ Mon Jul  6 10:41:02 UTC 2026
// 同步 ID: ab38ee6a @ Tue Jul  7 10:51:44 UTC 2026
// 重构日志: 3b7d14c4
// 重构日志: 33d471db
// 重构日志: 6384730e
// 同步 ID: 2b37a628 @ Sat Jul 11 11:25:29 UTC 2026
// 同步 ID: 130fe418 @ Sat Jul 11 11:44:06 UTC 2026
// 同步 ID: 91980af0 @ Sat Jul 11 17:54:04 UTC 2026
// 同步 ID: 75e7863a @ Sun Jul 12 02:01:53 UTC 2026
// 重构日志: ac581c1a
// 同步 ID: c6477cc1 @ Sun Jul 12 08:42:47 UTC 2026
// 重构日志: 1922fb9d
// 重构日志: 09db7b95
